This is pdfTeX, Version 3.141592653-2.6-1.40.27 (TeX Live 2025/Homebrew) (preloaded format=pdflatex 2025.3.15)  24 SEP 2025 21:19
entering extended mode
 restricted \write18 enabled.
 file:line:error style messages enabled.
 %&-line parsing enabled.
**"/Users/meshalbinnasban/Google Drive/KCL/Code Playground/Marked/Report/proof/proof.tex"
(/Users/meshalbinnasban/Google Drive/KCL/Code Playground/Marked/Report/proof/proof.tex
LaTeX2e <2024-11-01> patch level 2
L3 programming layer <2025-01-18>
(/usr/local/Cellar/texlive/20250308_1/share/texmf-dist/tex/latex/base/article.cls
Document Class: article 2024/06/29 v1.4n Standard LaTeX document class
(/usr/local/Cellar/texlive/20250308_1/share/texmf-dist/tex/latex/base/size12.clo
File: size12.clo 2024/06/29 v1.4n Standard LaTeX file (size option)
)
\c@part=\count196
\c@section=\count197
\c@subsection=\count198
\c@subsubsection=\count199
\c@paragraph=\count266
\c@subparagraph=\count267
\c@figure=\count268
\c@table=\count269
\abovecaptionskip=\skip49
\belowcaptionskip=\skip50
\bibindent=\dimen141
) (/usr/local/Cellar/texlive/20250308_1/share/texmf-dist/tex/latex/amsmath/amsmath.sty
Package: amsmath 2024/11/05 v2.17t AMS math features
\@mathmargin=\skip51

For additional information on amsmath, use the `?' option.
(/usr/local/Cellar/texlive/20250308_1/share/texmf-dist/tex/latex/amsmath/amstext.sty
Package: amstext 2021/08/26 v2.01 AMS text
 (/usr/local/Cellar/texlive/20250308_1/share/texmf-dist/tex/latex/amsmath/amsgen.sty
File: amsgen.sty 1999/11/30 v2.0 generic functions
\@emptytoks=\toks17
\ex@=\dimen142
)) (/usr/local/Cellar/texlive/20250308_1/share/texmf-dist/tex/latex/amsmath/amsbsy.sty
Package: amsbsy 1999/11/29 v1.2d Bold Symbols
\pmbraise@=\dimen143
) (/usr/local/Cellar/texlive/20250308_1/share/texmf-dist/tex/latex/amsmath/amsopn.sty
Package: amsopn 2022/04/08 v2.04 operator names
)
\inf@bad=\count270
LaTeX Info: Redefining \frac on input line 233.
\uproot@=\count271
\leftroot@=\count272
LaTeX Info: Redefining \overline on input line 398.
LaTeX Info: Redefining \colon on input line 409.
\classnum@=\count273
\DOTSCASE@=\count274
LaTeX Info: Redefining \ldots on input line 495.
LaTeX Info: Redefining \dots on input line 498.
LaTeX Info: Redefining \cdots on input line 619.
\Mathstrutbox@=\box52
\strutbox@=\box53
LaTeX Info: Redefining \big on input line 721.
LaTeX Info: Redefining \Big on input line 722.
LaTeX Info: Redefining \bigg on input line 723.
LaTeX Info: Redefining \Bigg on input line 724.
\big@size=\dimen144
LaTeX Font Info:    Redeclaring font encoding OML on input line 742.
LaTeX Font Info:    Redeclaring font encoding OMS on input line 743.
\macc@depth=\count275
LaTeX Info: Redefining \bmod on input line 904.
LaTeX Info: Redefining \pmod on input line 909.
LaTeX Info: Redefining \smash on input line 939.
LaTeX Info: Redefining \relbar on input line 969.
LaTeX Info: Redefining \Relbar on input line 970.
\c@MaxMatrixCols=\count276
\dotsspace@=\muskip17
\c@parentequation=\count277
\dspbrk@lvl=\count278
\tag@help=\toks18
\row@=\count279
\column@=\count280
\maxfields@=\count281
\andhelp@=\toks19
\eqnshift@=\dimen145
\alignsep@=\dimen146
\tagshift@=\dimen147
\tagwidth@=\dimen148
\totwidth@=\dimen149
\lineht@=\dimen150
\@envbody=\toks20
\multlinegap=\skip52
\multlinetaggap=\skip53
\mathdisplay@stack=\toks21
LaTeX Info: Redefining \[ on input line 2953.
LaTeX Info: Redefining \] on input line 2954.
) (/usr/local/Cellar/texlive/20250308_1/share/texmf-dist/tex/latex/amsfonts/amssymb.sty
Package: amssymb 2013/01/14 v3.01 AMS font symbols
 (/usr/local/Cellar/texlive/20250308_1/share/texmf-dist/tex/latex/amsfonts/amsfonts.sty
Package: amsfonts 2013/01/14 v3.01 Basic AMSFonts support
\symAMSa=\mathgroup4
\symAMSb=\mathgroup5
LaTeX Font Info:    Redeclaring math symbol \hbar on input line 98.
LaTeX Font Info:    Overwriting math alphabet `\mathfrak' in version `bold'
(Font)                  U/euf/m/n --> U/euf/b/n on input line 106.
)) (/usr/local/Cellar/texlive/20250308_1/share/texmf-dist/tex/latex/amscls/amsthm.sty
Package: amsthm 2020/05/29 v2.20.6
\thm@style=\toks22
\thm@bodyfont=\toks23
\thm@headfont=\toks24
\thm@notefont=\toks25
\thm@headpunct=\toks26
\thm@preskip=\skip54
\thm@postskip=\skip55
\thm@headsep=\skip56
\dth@everypar=\toks27
)
\c@definition=\count282
 (/usr/local/Cellar/texlive/20250308_1/share/texmf-dist/tex/latex/l3backend/l3backend-pdftex.def
File: l3backend-pdftex.def 2024-05-08 L3 backend support: PDF output (pdfTeX)
\l__color_backend_stack_int=\count283
\l__pdf_internal_box=\box54
)
No file proof.aux.
\openout1 = `proof.aux'.

LaTeX Font Info:    Checking defaults for OML/cmm/m/it on input line 54.
LaTeX Font Info:    ... okay on input line 54.
LaTeX Font Info:    Checking defaults for OMS/cmsy/m/n on input line 54.
LaTeX Font Info:    ... okay on input line 54.
LaTeX Font Info:    Checking defaults for OT1/cmr/m/n on input line 54.
LaTeX Font Info:    ... okay on input line 54.
LaTeX Font Info:    Checking defaults for T1/cmr/m/n on input line 54.
LaTeX Font Info:    ... okay on input line 54.
LaTeX Font Info:    Checking defaults for TS1/cmr/m/n on input line 54.
LaTeX Font Info:    ... okay on input line 54.
LaTeX Font Info:    Checking defaults for OMX/cmex/m/n on input line 54.
LaTeX Font Info:    ... okay on input line 54.
LaTeX Font Info:    Checking defaults for U/cmr/m/n on input line 54.
LaTeX Font Info:    ... okay on input line 54.
LaTeX Font Info:    Trying to load font information for U+msa on input line 56.
(/usr/local/Cellar/texlive/20250308_1/share/texmf-dist/tex/latex/amsfonts/umsa.fd
File: umsa.fd 2013/01/14 v3.01 AMS symbols A
)
LaTeX Font Info:    Trying to load font information for U+msb on input line 56.
 (/usr/local/Cellar/texlive/20250308_1/share/texmf-dist/tex/latex/amsfonts/umsb.fd
File: umsb.fd 2013/01/14 v3.01 AMS symbols B
)

LaTeX Warning: No \author given.


/Users/meshalbinnasban/Google Drive/KCL/Code Playground/Marked/Report/proof/proof.tex:114: LaTeX Error: Unicode character ̸ (U+0338)
               not set up for use with LaTeX.

See the LaTeX manual or LaTeX Companion for explanation.
Type  H <return>  for immediate help.
 ...                                              
                                                  
l.114 and $shifts(ms, r) ̸
                           = []$. similar to the urlues. i started with firs...
You may provide a definition with
\DeclareUnicodeCharacter 

/Users/meshalbinnasban/Google Drive/KCL/Code Playground/Marked/Report/proof/proof.tex:115: Missing $ inserted.
<inserted text> 
                $
l.115 ...s(ms, r) = [] and need to prove strips(r^
                                                  n)(set ms) = ∅.
I've inserted a begin-math/end-math symbol since I think
you left one out. Proceed, with fingers crossed.


/Users/meshalbinnasban/Google Drive/KCL/Code Playground/Marked/Report/proof/proof.tex:115: LaTeX Error: Unicode character ∅ (U+2205)
               not set up for use with LaTeX.

See the LaTeX manual or LaTeX Companion for explanation.
Type  H <return>  for immediate help.
 ...                                              
                                                  
l.115 ...d need to prove strips(r^n)(set ms) = ∅
                                                  .
You may provide a definition with
\DeclareUnicodeCharacter 


/Users/meshalbinnasban/Google Drive/KCL/Code Playground/Marked/Report/proof/proof.tex:117: LaTeX Error: Unicode character ∅ (U+2205)
               not set up for use with LaTeX.

See the LaTeX manual or LaTeX Companion for explanation.
Type  H <return>  for immediate help.
 ...                                              
                                                  
l.117  by assumption, lhs is ∅
                                 so now we have Strips (L r)(set ms) = ∅.
You may provide a definition with
\DeclareUnicodeCharacter 


/Users/meshalbinnasban/Google Drive/KCL/Code Playground/Marked/Report/proof/proof.tex:117: LaTeX Error: Unicode character ∅ (U+2205)
               not set up for use with LaTeX.

See the LaTeX manual or LaTeX Companion for explanation.
Type  H <return>  for immediate help.
 ...                                              
                                                  
l.117 ...so now we have Strips (L r)(set ms) = ∅
                                                  .
You may provide a definition with
\DeclareUnicodeCharacter 


/Users/meshalbinnasban/Google Drive/KCL/Code Playground/Marked/Report/proof/proof.tex:118: LaTeX Error: Unicode character ∅ (U+2205)
               not set up for use with LaTeX.

See the LaTeX manual or LaTeX Companion for explanation.
Type  H <return>  for immediate help.
 ...                                              
                                                  
l.118 ...eed to prove Strips( L r^n)(set ms) = ∅
                                                  . again two cases to consi...
You may provide a definition with
\DeclareUnicodeCharacter 


/Users/meshalbinnasban/Google Drive/KCL/Code Playground/Marked/Report/proof/proof.tex:121: LaTeX Error: Unicode character ∅ (U+2205)
               not set up for use with LaTeX.

See the LaTeX manual or LaTeX Companion for explanation.
Type  H <return>  for immediate help.
 ...                                              
                                                  
l.121 the lhs =∅
                   and rhs= Strips( L r^n-1) ∅ (set ms) = ∅.
You may provide a definition with
\DeclareUnicodeCharacter 


/Users/meshalbinnasban/Google Drive/KCL/Code Playground/Marked/Report/proof/proof.tex:121: LaTeX Error: Unicode character ∅ (U+2205)
               not set up for use with LaTeX.

See the LaTeX manual or LaTeX Companion for explanation.
Type  H <return>  for immediate help.
 ...                                              
                                                  
l.121 the lhs =∅ and rhs= Strips( L r^n-1) ∅
                                                 (set ms) = ∅.
You may provide a definition with
\DeclareUnicodeCharacter 


/Users/meshalbinnasban/Google Drive/KCL/Code Playground/Marked/Report/proof/proof.tex:121: LaTeX Error: Unicode character ∅ (U+2205)
               not set up for use with LaTeX.

See the LaTeX manual or LaTeX Companion for explanation.
Type  H <return>  for immediate help.
 ...                                              
                                                  
l.121 ... rhs= Strips( L r^n-1) ∅ (set ms) = ∅
                                                  .
You may provide a definition with
\DeclareUnicodeCharacter 


/Users/meshalbinnasban/Google Drive/KCL/Code Playground/Marked/Report/proof/proof.tex:124: LaTeX Error: Unicode character ∅ (U+2205)
               not set up for use with LaTeX.

See the LaTeX manual or LaTeX Companion for explanation.
Type  H <return>  for immediate help.
 ...                                              
                                                  
l.124  and since Strip(L r ms)=∅
                                   so it becomes Strip( r^n-1) ∅ and so = ...
You may provide a definition with
\DeclareUnicodeCharacter 


/Users/meshalbinnasban/Google Drive/KCL/Code Playground/Marked/Report/proof/proof.tex:124: LaTeX Error: Unicode character ∅ (U+2205)
               not set up for use with LaTeX.

See the LaTeX manual or LaTeX Companion for explanation.
Type  H <return>  for immediate help.
 ...                                              
                                                  
l.124 ...r ms)=∅ so it becomes Strip( r^n-1) ∅
                                                   and so = ∅.
You may provide a definition with
\DeclareUnicodeCharacter 


/Users/meshalbinnasban/Google Drive/KCL/Code Playground/Marked/Report/proof/proof.tex:124: LaTeX Error: Unicode character ∅ (U+2205)
               not set up for use with LaTeX.

See the LaTeX manual or LaTeX Companion for explanation.
Type  H <return>  for immediate help.
 ...                                              
                                                  
l.124 ...it becomes Strip( r^n-1) ∅ and so = ∅
                                                  .
You may provide a definition with
\DeclareUnicodeCharacter 

/Users/meshalbinnasban/Google Drive/KCL/Code Playground/Marked/Report/proof/proof.tex:126: Missing $ inserted.
<inserted text> 
                $
l.126 
      
I've inserted a begin-math/end-math symbol since I think
you left one out. Proceed, with fingers crossed.


Overfull \hbox (13.4329pt too wide) in paragraph at lines 112--126
\OT1/cmr/m/n/12 strips(r$[])(\OML/cmm/m/it/12 setms\OT1/cmr/m/n/12 ) = \OML/cmm/m/it/12 :sincerissmaller; wecanusep\OT1/cmr/m/n/12 (\OML/cmm/m/it/12 ms; r[]\OT1/cmr/m/n/12 )\OML/cmm/m/it/12 soset\OT1/cmr/m/n/12 (\OML/cmm/m/it/12 shifts\OT1/cmr/m/n/12 (\OML/cmm/m/it/12 msr\OT1/cmr/m/n/12 )) =
 []


Overfull \hbox (211.3805pt too wide) in paragraph at lines 112--126
\OML/cmm/m/it/12 Strips\OT1/cmr/m/n/12 (\OML/cmm/m/it/12 Lr\OT1/cmr/m/n/12 )(\OML/cmm/m/it/12 setms\OT1/cmr/m/n/12 )\OML/cmm/m/it/12 :byassumption; lhsissonowwehaveStrips\OT1/cmr/m/n/12 (\OML/cmm/m/it/12 Lr\OT1/cmr/m/n/12 )(\OML/cmm/m/it/12 setms\OT1/cmr/m/n/12 ) = \OML/cmm/m/it/12 :nowweneedtoproveStrips\OT1/cmr/m/n/12 (\OML/cmm/m/it/12 Lr[]\OT1/cmr/m/n/12 )(\OML/cmm/m/it/12 setms\OT1/cmr/m/n/12 ) =
 []


Overfull \hbox (54.45753pt too wide) in paragraph at lines 112--126
\OML/cmm/m/it/12 :againtwocasestoconsider; \OT1/cmr/m/n/12 1 \OMS/cmsy/m/n/12 ^^@ \OML/cmm/m/it/12 nullabler:unfoldingshiftsdefinition:set\OT1/cmr/m/n/12 (\OML/cmm/m/it/12 shiftsr[]ms\OT1/cmr/m/n/12 ) =
 []


Overfull \hbox (80.00092pt too wide) in paragraph at lines 112--126
\OML/cmm/m/it/12 set\OT1/cmr/m/n/12 (\OML/cmm/m/it/12 shiftsrms\OT1/cmr/m/n/12 )\OML/cmm/m/it/12 Uset\OT1/cmr/m/n/12 (\OML/cmm/m/it/12 shifts\OT1/cmr/m/n/12 (\OML/cmm/m/it/12 shiftsmsr\OT1/cmr/m/n/12 )\OML/cmm/m/it/12 r[] \OMS/cmsy/m/n/12 ^^@ \OT1/cmr/m/n/12 1)\OML/cmm/m/it/12 :thatequalstoStrip\OT1/cmr/m/n/12 (\OML/cmm/m/it/12 Lr\OT1/cmr/m/n/12 )(\OML/cmm/m/it/12 setms\OT1/cmr/m/n/12 )\OML/cmm/m/it/12 UStrips\OT1/cmr/m/n/12 (\OML/cmm/m/it/12 Lr[] \OMS/cmsy/m/n/12 ^^@
 []


Overfull \hbox (154.04779pt too wide) in paragraph at lines 112--126
\OT1/cmr/m/n/12 1)(\OML/cmm/m/it/12 StripsLr\OT1/cmr/m/n/12 )(\OML/cmm/m/it/12 setms\OT1/cmr/m/n/12 )\OML/cmm/m/it/12 :thelhs \OT1/cmr/m/n/12 = \OML/cmm/m/it/12 andrhs \OT1/cmr/m/n/12 = \OML/cmm/m/it/12 Strips\OT1/cmr/m/n/12 (\OML/cmm/m/it/12 Lr[] \OMS/cmsy/m/n/12 ^^@ \OT1/cmr/m/n/12 1)(\OML/cmm/m/it/12 setms\OT1/cmr/m/n/12 ) = \OML/cmm/m/it/12 :inthesecondcasewhererisnotnullable \OT1/cmr/m/n/12 :
 []



[1

{/usr/local/Cellar/texlive/20250308_1/share/texmf-dist/fonts/map/pdftex/updmap/pdftex.map}]
No file proof.bbl.


[2] (./proof.aux)
 ***********
LaTeX2e <2024-11-01> patch level 2
L3 programming layer <2025-01-18>
 ***********
 ) 
Here is how much of TeX's memory you used:
 1818 strings out of 473190
 26065 string characters out of 5705898
 413587 words of memory out of 5000000
 25105 multiletter control sequences out of 15000+600000
 566380 words of font info for 66 fonts, out of 8000000 for 9000
 1141 hyphenation exceptions out of 8191
 56i,6n,65p,299b,211s stack positions out of 10000i,1000n,20000p,200000b,200000s
</usr/local/Cellar/texlive/20250308_1/share/texmf-dist/fonts/type1/public/amsfonts/cm/cmmi12.pfb></usr/local/Cellar/texlive/20250308_1/share/texmf-dist/fonts/type1/public/amsfonts/cm/cmmi8.pfb></usr/local/Cellar/texlive/20250308_1/share/texmf-dist/fonts/type1/public/amsfonts/cm/cmr12.pfb></usr/local/Cellar/texlive/20250308_1/share/texmf-dist/fonts/type1/public/amsfonts/cm/cmr17.pfb></usr/local/Cellar/texlive/20250308_1/share/texmf-dist/fonts/type1/public/amsfonts/cm/cmr8.pfb></usr/local/Cellar/texlive/20250308_1/share/texmf-dist/fonts/type1/public/amsfonts/cm/cmsy10.pfb></usr/local/Cellar/texlive/20250308_1/share/texmf-dist/fonts/type1/public/amsfonts/cm/cmsy8.pfb></usr/local/Cellar/texlive/20250308_1/share/texmf-dist/fonts/type1/public/amsfonts/symbols/msbm10.pfb>
Output written on proof.pdf (2 pages, 79560 bytes).
PDF statistics:
 51 PDF objects out of 1000 (max. 8388607)
 30 compressed objects within 1 object stream
 0 named destinations out of 1000 (max. 500000)
 1 words of extra memory for PDF output out of 10000 (max. 10000000)

