This is pdfTeX, Version 3.141592653-2.6-1.40.27 (TeX Live 2025/Homebrew) (preloaded format=pdflatex 2025.3.15)  29 JUL 2025 15:15
entering extended mode
 restricted \write18 enabled.
 file:line:error style messages enabled.
 %&-line parsing enabled.
**"/Users/meshalbinnasban/Google Drive/KCL/Code Playground/Marked/Report/Report.tex"
(/Users/meshalbinnasban/Google Drive/KCL/Code Playground/Marked/Report/Report.tex
LaTeX2e <2024-11-01> patch level 2
L3 programming layer <2025-01-18>
(/usr/local/Cellar/texlive/20250308_1/share/texmf-dist/tex/latex/base/article.cls
Document Class: article 2024/06/29 v1.4n Standard LaTeX document class
(/usr/local/Cellar/texlive/20250308_1/share/texmf-dist/tex/latex/base/size11.clo
File: size11.clo 2024/06/29 v1.4n Standard LaTeX file (size option)
)
\c@part=\count196
\c@section=\count197
\c@subsection=\count198
\c@subsubsection=\count199
\c@paragraph=\count266
\c@subparagraph=\count267
\c@figure=\count268
\c@table=\count269
\abovecaptionskip=\skip49
\belowcaptionskip=\skip50
\bibindent=\dimen141
) (/usr/local/Cellar/texlive/20250308_1/share/texmf-dist/tex/latex/l3backend/l3backend-pdftex.def
File: l3backend-pdftex.def 2024-05-08 L3 backend support: PDF output (pdfTeX)
\l__color_backend_stack_int=\count270
\l__pdf_internal_box=\box52
) (./Report.aux)
\openout1 = `Report.aux'.

LaTeX Font Info:    Checking defaults for OML/cmm/m/it on input line 6.
LaTeX Font Info:    ... okay on input line 6.
LaTeX Font Info:    Checking defaults for OMS/cmsy/m/n on input line 6.
LaTeX Font Info:    ... okay on input line 6.
LaTeX Font Info:    Checking defaults for OT1/cmr/m/n on input line 6.
LaTeX Font Info:    ... okay on input line 6.
LaTeX Font Info:    Checking defaults for T1/cmr/m/n on input line 6.
LaTeX Font Info:    ... okay on input line 6.
LaTeX Font Info:    Checking defaults for TS1/cmr/m/n on input line 6.
LaTeX Font Info:    ... okay on input line 6.
LaTeX Font Info:    Checking defaults for OMX/cmex/m/n on input line 6.
LaTeX Font Info:    ... okay on input line 6.
LaTeX Font Info:    Checking defaults for U/cmr/m/n on input line 6.
LaTeX Font Info:    ... okay on input line 6.
LaTeX Font Info:    External font `cmex10' loaded for size
(Font)              <12> on input line 8.
LaTeX Font Info:    External font `cmex10' loaded for size
(Font)              <8> on input line 8.
LaTeX Font Info:    External font `cmex10' loaded for size
(Font)              <6> on input line 8.


[1

{/usr/local/Cellar/texlive/20250308_1/share/texmf-dist/fonts/map/pdftex/updmap/pdftex.map}]

LaTeX Warning: Citation `Sulzmann2014' on page 2 undefined on input line 17.


Overfull \hbox (8.46802pt too wide) in paragraph at lines 21--22
\OT1/cmr/m/n/10.95 mally ver-ify its cor-rect-ness, with po-ten-tial ex-ten-sions to sym-bolic or automata-
 []


LaTeX Warning: Citation `Brzozowski1964' on page 2 undefined on input line 34.


LaTeX Warning: Citation `Owens2009' on page 2 undefined on input line 34.


LaTeX Warning: Citation `Might2011' on page 2 undefined on input line 34.


Overfull \hbox (6.17142pt too wide) in paragraph at lines 34--35
\OT1/cmr/m/n/10.95 The idea of deriva-tives of reg-u-lar ex-pres-sions was in-tro-duced by Br-zo-zowski [[]]
 []



[2]
LaTeX Font Info:    External font `cmex10' loaded for size
(Font)              <10.95> on input line 36.


LaTeX Warning: Citation `Brzozowski1964' on page 3 undefined on input line 66.



[3{/usr/local/Cellar/texlive/20250308_1/share/texmf-dist/fonts/enc/dvips/cm-super/cm-super-ts1.enc}]
/Users/meshalbinnasban/Google Drive/KCL/Code Playground/Marked/Report/Report.tex:96: Undefined control sequence.
l.96 ... of partial derivatives is at most $(\text
                                                  {size}(r) + 1)^3$~\cite{An...
The control sequence at the end of the top line
of your error message was never \def'ed. If you have
misspelled it (e.g., `\hobx'), type `I' and the correct
spelling (e.g., `I\hbox'). Otherwise just continue,
and I'll forget about whatever was undefined.


LaTeX Warning: Citation `Antimirov1996' on page 4 undefined on input line 96.


Overfull \hbox (1.62125pt too wide) in paragraph at lines 96--97
[]\OT1/cmr/m/n/10.95 This phe-nomenon is con-sis-tent with An-timirov's the-o-ret-i-cal bound, which
 []



[4]

LaTeX Warning: Citation `Fischer2010' on page 5 undefined on input line 104.


LaTeX Warning: Citation `Asperti2010' on page 5 undefined on input line 104.



[5]
Overfull \hbox (3.62791pt too wide) in paragraph at lines 155--163
\OT1/cmtt/m/n/10.95 "aaab") $\OMS/cmsy/m/n/10.95 !$ \OT1/cmtt/m/n/10.95 Mark(true, "aab") $\OMS/cmsy/m/n/10.95 !$ \OT1/cmtt/m/n/10.95 Mark(true, "ab") $\OMS/cmsy/m/n/10.95 !$ \OT1/cmtt/m/n/10.95 Mark(true, "b")
 []



[6]
Overfull \hbox (53.05426pt too wide) detected at line 183
[] \OMS/cmsy/m/n/10.95 ! [] ! [] ! [] ! []
 []

LaTeX Font Info:    Font shape `OT1/cmtt/bx/n' in size <10.95> not available
(Font)              Font shape `OT1/cmtt/m/n' tried instead on input line 198.


[7] (./Report.bbl)

[8] (./Report.aux)
 ***********
LaTeX2e <2024-11-01> patch level 2
L3 programming layer <2025-01-18>
 ***********


LaTeX Warning: There were undefined references.

 ) 
Here is how much of TeX's memory you used:
 488 strings out of 473190
 9400 string characters out of 5705898
 404179 words of memory out of 5000000
 23804 multiletter control sequences out of 15000+600000
 564863 words of font info for 56 fonts, out of 8000000 for 9000
 1141 hyphenation exceptions out of 8191
 35i,8n,50p,588b,197s stack positions out of 10000i,1000n,20000p,200000b,200000s
</usr/local/Cellar/texlive/20250308_1/share/texmf-dist/fonts/type1/public/amsfonts/cm/cmbx10.pfb></usr/local/Cellar/texlive/20250308_1/share/texmf-dist/fonts/type1/public/amsfonts/cm/cmbx12.pfb></usr/local/Cellar/texlive/20250308_1/share/texmf-dist/fonts/type1/public/amsfonts/cm/cmex10.pfb></usr/local/Cellar/texlive/20250308_1/share/texmf-dist/fonts/type1/public/amsfonts/cm/cmmi10.pfb></usr/local/Cellar/texlive/20250308_1/share/texmf-dist/fonts/type1/public/amsfonts/cm/cmmi6.pfb></usr/local/Cellar/texlive/20250308_1/share/texmf-dist/fonts/type1/public/amsfonts/cm/cmmi8.pfb></usr/local/Cellar/texlive/20250308_1/share/texmf-dist/fonts/type1/public/amsfonts/cm/cmr10.pfb></usr/local/Cellar/texlive/20250308_1/share/texmf-dist/fonts/type1/public/amsfonts/cm/cmr12.pfb></usr/local/Cellar/texlive/20250308_1/share/texmf-dist/fonts/type1/public/amsfonts/cm/cmr17.pfb></usr/local/Cellar/texlive/20250308_1/share/texmf-dist/fonts/type1/public/amsfonts/cm/cmr6.pfb></usr/local/Cellar/texlive/20250308_1/share/texmf-dist/fonts/type1/public/amsfonts/cm/cmr8.pfb></usr/local/Cellar/texlive/20250308_1/share/texmf-dist/fonts/type1/public/amsfonts/cm/cmsy10.pfb></usr/local/Cellar/texlive/20250308_1/share/texmf-dist/fonts/type1/public/amsfonts/cm/cmsy8.pfb></usr/local/Cellar/texlive/20250308_1/share/texmf-dist/fonts/type1/public/amsfonts/cm/cmti10.pfb></usr/local/Cellar/texlive/20250308_1/share/texmf-dist/fonts/type1/public/amsfonts/cm/cmtt10.pfb></usr/local/Cellar/texlive/20250308_1/share/texmf-dist/fonts/type1/public/cm-super/sfrm1095.pfb>
Output written on Report.pdf (8 pages, 196475 bytes).
PDF statistics:
 112 PDF objects out of 1000 (max. 8388607)
 69 compressed objects within 1 object stream
 0 named destinations out of 1000 (max. 500000)
 1 words of extra memory for PDF output out of 10000 (max. 10000000)

