This is pdfTeX, Version 3.141592653-2.6-1.40.27 (TeX Live 2025/Homebrew) (preloaded format=pdflatex 2025.3.15)  23 SEP 2025 17:30
entering extended mode
 restricted \write18 enabled.
 file:line:error style messages enabled.
 %&-line parsing enabled.
**"/Users/meshalbinnasban/Google Drive/KCL/Code Playground/Marked/Report/Reportv2.tex"
(/Users/meshalbinnasban/Google Drive/KCL/Code Playground/Marked/Report/Reportv2.tex
LaTeX2e <2024-11-01> patch level 2
L3 programming layer <2025-01-18>
(/usr/local/Cellar/texlive/20250308_1/share/texmf-dist/tex/latex/base/article.cls
Document Class: article 2024/06/29 v1.4n Standard LaTeX document class
(/usr/local/Cellar/texlive/20250308_1/share/texmf-dist/tex/latex/base/size12.clo
File: size12.clo 2024/06/29 v1.4n Standard LaTeX file (size option)
)
\c@part=\count196
\c@section=\count197
\c@subsection=\count198
\c@subsubsection=\count199
\c@paragraph=\count266
\c@subparagraph=\count267
\c@figure=\count268
\c@table=\count269
\abovecaptionskip=\skip49
\belowcaptionskip=\skip50
\bibindent=\dimen141
) (/usr/local/Cellar/texlive/20250308_1/share/texmf-dist/tex/latex/amsmath/amsmath.sty
Package: amsmath 2024/11/05 v2.17t AMS math features
\@mathmargin=\skip51

For additional information on amsmath, use the `?' option.
(/usr/local/Cellar/texlive/20250308_1/share/texmf-dist/tex/latex/amsmath/amstext.sty
Package: amstext 2021/08/26 v2.01 AMS text
 (/usr/local/Cellar/texlive/20250308_1/share/texmf-dist/tex/latex/amsmath/amsgen.sty
File: amsgen.sty 1999/11/30 v2.0 generic functions
\@emptytoks=\toks17
\ex@=\dimen142
)) (/usr/local/Cellar/texlive/20250308_1/share/texmf-dist/tex/latex/amsmath/amsbsy.sty
Package: amsbsy 1999/11/29 v1.2d Bold Symbols
\pmbraise@=\dimen143
) (/usr/local/Cellar/texlive/20250308_1/share/texmf-dist/tex/latex/amsmath/amsopn.sty
Package: amsopn 2022/04/08 v2.04 operator names
)
\inf@bad=\count270
LaTeX Info: Redefining \frac on input line 233.
\uproot@=\count271
\leftroot@=\count272
LaTeX Info: Redefining \overline on input line 398.
LaTeX Info: Redefining \colon on input line 409.
\classnum@=\count273
\DOTSCASE@=\count274
LaTeX Info: Redefining \ldots on input line 495.
LaTeX Info: Redefining \dots on input line 498.
LaTeX Info: Redefining \cdots on input line 619.
\Mathstrutbox@=\box52
\strutbox@=\box53
LaTeX Info: Redefining \big on input line 721.
LaTeX Info: Redefining \Big on input line 722.
LaTeX Info: Redefining \bigg on input line 723.
LaTeX Info: Redefining \Bigg on input line 724.
\big@size=\dimen144
LaTeX Font Info:    Redeclaring font encoding OML on input line 742.
LaTeX Font Info:    Redeclaring font encoding OMS on input line 743.
\macc@depth=\count275
LaTeX Info: Redefining \bmod on input line 904.
LaTeX Info: Redefining \pmod on input line 909.
LaTeX Info: Redefining \smash on input line 939.
LaTeX Info: Redefining \relbar on input line 969.
LaTeX Info: Redefining \Relbar on input line 970.
\c@MaxMatrixCols=\count276
\dotsspace@=\muskip17
\c@parentequation=\count277
\dspbrk@lvl=\count278
\tag@help=\toks18
\row@=\count279
\column@=\count280
\maxfields@=\count281
\andhelp@=\toks19
\eqnshift@=\dimen145
\alignsep@=\dimen146
\tagshift@=\dimen147
\tagwidth@=\dimen148
\totwidth@=\dimen149
\lineht@=\dimen150
\@envbody=\toks20
\multlinegap=\skip52
\multlinetaggap=\skip53
\mathdisplay@stack=\toks21
LaTeX Info: Redefining \[ on input line 2953.
LaTeX Info: Redefining \] on input line 2954.
) (/usr/local/Cellar/texlive/20250308_1/share/texmf-dist/tex/latex/amsfonts/amssymb.sty
Package: amssymb 2013/01/14 v3.01 AMS font symbols
 (/usr/local/Cellar/texlive/20250308_1/share/texmf-dist/tex/latex/amsfonts/amsfonts.sty
Package: amsfonts 2013/01/14 v3.01 Basic AMSFonts support
\symAMSa=\mathgroup4
\symAMSb=\mathgroup5
LaTeX Font Info:    Redeclaring math symbol \hbar on input line 98.
LaTeX Font Info:    Overwriting math alphabet `\mathfrak' in version `bold'
(Font)                  U/euf/m/n --> U/euf/b/n on input line 106.
)) (/usr/local/Cellar/texlive/20250308_1/share/texmf-dist/tex/latex/amscls/amsthm.sty
Package: amsthm 2020/05/29 v2.20.6
\thm@style=\toks22
\thm@bodyfont=\toks23
\thm@headfont=\toks24
\thm@notefont=\toks25
\thm@headpunct=\toks26
\thm@preskip=\skip54
\thm@postskip=\skip55
\thm@headsep=\skip56
\dth@everypar=\toks27
)
\c@definition=\count282
 (/usr/local/Cellar/texlive/20250308_1/share/texmf-dist/tex/latex/l3backend/l3backend-pdftex.def
File: l3backend-pdftex.def 2024-05-08 L3 backend support: PDF output (pdfTeX)
\l__color_backend_stack_int=\count283
\l__pdf_internal_box=\box54
)
No file Reportv2.aux.
\openout1 = `Reportv2.aux'.

LaTeX Font Info:    Checking defaults for OML/cmm/m/it on input line 52.
LaTeX Font Info:    ... okay on input line 52.
LaTeX Font Info:    Checking defaults for OMS/cmsy/m/n on input line 52.
LaTeX Font Info:    ... okay on input line 52.
LaTeX Font Info:    Checking defaults for OT1/cmr/m/n on input line 52.
LaTeX Font Info:    ... okay on input line 52.
LaTeX Font Info:    Checking defaults for T1/cmr/m/n on input line 52.
LaTeX Font Info:    ... okay on input line 52.
LaTeX Font Info:    Checking defaults for TS1/cmr/m/n on input line 52.
LaTeX Font Info:    ... okay on input line 52.
LaTeX Font Info:    Checking defaults for OMX/cmex/m/n on input line 52.
LaTeX Font Info:    ... okay on input line 52.
LaTeX Font Info:    Checking defaults for U/cmr/m/n on input line 52.
LaTeX Font Info:    ... okay on input line 52.
LaTeX Font Info:    Trying to load font information for U+msa on input line 54.
(/usr/local/Cellar/texlive/20250308_1/share/texmf-dist/tex/latex/amsfonts/umsa.fd
File: umsa.fd 2013/01/14 v3.01 AMS symbols A
)
LaTeX Font Info:    Trying to load font information for U+msb on input line 54.
 (/usr/local/Cellar/texlive/20250308_1/share/texmf-dist/tex/latex/amsfonts/umsb.fd
File: umsb.fd 2013/01/14 v3.01 AMS symbols B
)

[1

{/usr/local/Cellar/texlive/20250308_1/share/texmf-dist/fonts/map/pdftex/updmap/pdftex.map}]

LaTeX Warning: Citation `Sulzmann2014' on page 2 undefined on input line 75.


LaTeX Warning: Citation `Fischer2010' on page 2 undefined on input line 76.


LaTeX Warning: Citation `Asperti2010' on page 2 undefined on input line 76.



[2]
No file Reportv2.toc.
\tf@toc=\write3
\openout3 = `Reportv2.toc'.



[3]

LaTeX Warning: Citation `Owens2009' on page 4 undefined on input line 96.


LaTeX Warning: Citation `Might2011' on page 4 undefined on input line 96.


LaTeX Warning: Citation `Sulzmann2014' on page 4 undefined on input line 98.


LaTeX Warning: Citation `Sulzmann2014' on page 4 undefined on input line 108.


LaTeX Warning: Citation `Fischer2010' on page 4 undefined on input line 109.


LaTeX Warning: Citation `Asperti2010' on page 4 undefined on input line 110.



[4]

LaTeX Warning: Citation `Brzozowski1964' on page 5 undefined on input line 178.



[5]

[6]

LaTeX Warning: Citation `Sulzmann2014' on page 7 undefined on input line 248.


LaTeX Warning: Citation `Sulzmann2014' on page 7 undefined on input line 264.


LaTeX Warning: Citation `TanAndUrban2023' on page 7 undefined on input line 264.


LaTeX Warning: Citation `Antimirov1996' on page 7 undefined on input line 276.


LaTeX Warning: Citation `Sulzmann2014' on page 7 undefined on input line 283.



[7]

LaTeX Warning: Citation `Sulzmann2014' on page 8 undefined on input line 291.


LaTeX Warning: Citation `Sulzmann2014' on page 8 undefined on input line 306.


Overfull \hbox (66.05452pt too wide) detected at line 340
[]
 []



[8]

LaTeX Warning: Citation `Sulzmann2014' on page 9 undefined on input line 348.


LaTeX Warning: Citation `Sulzmann2014' on page 9 undefined on input line 357.


LaTeX Warning: Citation `Sulzmann2014' on page 9 undefined on input line 373.



[9]
/Users/meshalbinnasban/Google Drive/KCL/Code Playground/Marked/Report/Reportv2.tex:377: Extra }, or forgotten $.
<template> \unskip \hfil }
                          \hskip \tabcolsep \endtemplate 
l.377   $\intern(\ZERO)       &
                                \dn & \ZERO \\
I've deleted a group-closing symbol because it seems to be
spurious, as in `$x}$'. But perhaps the } is legitimate and
you forgot something else, as in `\hbox{$x}'. In such cases
the way to recover is to insert both the forgotten and the
deleted material, e.g., by typing `I$}'.

/Users/meshalbinnasban/Google Drive/KCL/Code Playground/Marked/Report/Reportv2.tex:377: Missing $ inserted.
<inserted text> 
                $
l.377   $\intern(\ZERO)       &
                                \dn & \ZERO \\
I've inserted a begin-math/end-math symbol since I think
you left one out. Proceed, with fingers crossed.

/Users/meshalbinnasban/Google Drive/KCL/Code Playground/Marked/Report/Reportv2.tex:377: Missing } inserted.
<inserted text> 
                }
l.377   $\intern(\ZERO)       &
                                \dn & \ZERO \\
I've inserted something that you may have forgotten.
(See the <inserted text> above.)
With luck, this will get me unwedged. But if you
really didn't forget anything, try typing `2' now; then
my insertion and my current dilemma will both disappear.

/Users/meshalbinnasban/Google Drive/KCL/Code Playground/Marked/Report/Reportv2.tex:380: Missing $ inserted.
<inserted text> 
                $
l.380   \intern(r_
                  1 + r_2)   & \dn & \fuse(\,[0],\, \intern(r_1)) \;+\; \fus...
I've inserted a begin-math/end-math symbol since I think
you left one out. Proceed, with fingers crossed.

/Users/meshalbinnasban/Google Drive/KCL/Code Playground/Marked/Report/Reportv2.tex:380: Extra }, or forgotten $.
<template> \unskip \hfil }
                          \hskip \tabcolsep \endtemplate 
l.380   \intern(r_1 + r_2)   &
                               \dn & \fuse(\,[0],\, \intern(r_1)) \;+\; \fus...
I've deleted a group-closing symbol because it seems to be
spurious, as in `$x}$'. But perhaps the } is legitimate and
you forgot something else, as in `\hbox{$x}'. In such cases
the way to recover is to insert both the forgotten and the
deleted material, e.g., by typing `I$}'.

/Users/meshalbinnasban/Google Drive/KCL/Code Playground/Marked/Report/Reportv2.tex:380: Missing $ inserted.
<inserted text> 
                $
l.380   \intern(r_1 + r_2)   &
                               \dn & \fuse(\,[0],\, \intern(r_1)) \;+\; \fus...
I've inserted a begin-math/end-math symbol since I think
you left one out. Proceed, with fingers crossed.

/Users/meshalbinnasban/Google Drive/KCL/Code Playground/Marked/Report/Reportv2.tex:380: Missing } inserted.
<inserted text> 
                }
l.380   \intern(r_1 + r_2)   &
                               \dn & \fuse(\,[0],\, \intern(r_1)) \;+\; \fus...
I've inserted something that you may have forgotten.
(See the <inserted text> above.)
With luck, this will get me unwedged. But if you
really didn't forget anything, try typing `2' now; then
my insertion and my current dilemma will both disappear.

/Users/meshalbinnasban/Google Drive/KCL/Code Playground/Marked/Report/Reportv2.tex:380: Missing $ inserted.
<inserted text> 
                $
l.380 ... r_2)   & \dn & \fuse(\,[0],\, \intern(r_
                                                  1)) \;+\; \fuse(\,[1], \,\...
I've inserted a begin-math/end-math symbol since I think
you left one out. Proceed, with fingers crossed.

/Users/meshalbinnasban/Google Drive/KCL/Code Playground/Marked/Report/Reportv2.tex:381: Extra }, or forgotten $.
<template> \unskip \hfil }
                          \hskip \tabcolsep \endtemplate 
l.381   \intern
               (r_1 \cdot r_2) & \dn& \intern(r_1) \cdot \intern(r_2) \\
I've deleted a group-closing symbol because it seems to be
spurious, as in `$x}$'. But perhaps the } is legitimate and
you forgot something else, as in `\hbox{$x}'. In such cases
the way to recover is to insert both the forgotten and the
deleted material, e.g., by typing `I$}'.

/Users/meshalbinnasban/Google Drive/KCL/Code Playground/Marked/Report/Reportv2.tex:381: Missing $ inserted.
<inserted text> 
                $
l.381   \intern
               (r_1 \cdot r_2) & \dn& \intern(r_1) \cdot \intern(r_2) \\
I've inserted a begin-math/end-math symbol since I think
you left one out. Proceed, with fingers crossed.

/Users/meshalbinnasban/Google Drive/KCL/Code Playground/Marked/Report/Reportv2.tex:381: Missing } inserted.
<inserted text> 
                }
l.381   \intern
               (r_1 \cdot r_2) & \dn& \intern(r_1) \cdot \intern(r_2) \\
I've inserted something that you may have forgotten.
(See the <inserted text> above.)
With luck, this will get me unwedged. But if you
really didn't forget anything, try typing `2' now; then
my insertion and my current dilemma will both disappear.

/Users/meshalbinnasban/Google Drive/KCL/Code Playground/Marked/Report/Reportv2.tex:381: Missing $ inserted.
<inserted text> 
                $
l.381   \intern(r_
                  1 \cdot r_2) & \dn& \intern(r_1) \cdot \intern(r_2) \\
I've inserted a begin-math/end-math symbol since I think
you left one out. Proceed, with fingers crossed.

/Users/meshalbinnasban/Google Drive/KCL/Code Playground/Marked/Report/Reportv2.tex:381: Extra }, or forgotten $.
<template> \unskip \hfil }
                          \hskip \tabcolsep \endtemplate 
l.381   \intern(r_1 \cdot r_2) &
                                 \dn& \intern(r_1) \cdot \intern(r_2) \\
I've deleted a group-closing symbol because it seems to be
spurious, as in `$x}$'. But perhaps the } is legitimate and
you forgot something else, as in `\hbox{$x}'. In such cases
the way to recover is to insert both the forgotten and the
deleted material, e.g., by typing `I$}'.

/Users/meshalbinnasban/Google Drive/KCL/Code Playground/Marked/Report/Reportv2.tex:381: Missing $ inserted.
<inserted text> 
                $
l.381   \intern(r_1 \cdot r_2) &
                                 \dn& \intern(r_1) \cdot \intern(r_2) \\
I've inserted a begin-math/end-math symbol since I think
you left one out. Proceed, with fingers crossed.

/Users/meshalbinnasban/Google Drive/KCL/Code Playground/Marked/Report/Reportv2.tex:381: Missing } inserted.
<inserted text> 
                }
l.381   \intern(r_1 \cdot r_2) &
                                 \dn& \intern(r_1) \cdot \intern(r_2) \\
I've inserted something that you may have forgotten.
(See the <inserted text> above.)
With luck, this will get me unwedged. But if you
really didn't forget anything, try typing `2' now; then
my insertion and my current dilemma will both disappear.

/Users/meshalbinnasban/Google Drive/KCL/Code Playground/Marked/Report/Reportv2.tex:381: Missing $ inserted.
<inserted text> 
                $
l.381   \intern(r_1 \cdot r_2) & \dn& \intern(r_
                                                1) \cdot \intern(r_2) \\
I've inserted a begin-math/end-math symbol since I think
you left one out. Proceed, with fingers crossed.

/Users/meshalbinnasban/Google Drive/KCL/Code Playground/Marked/Report/Reportv2.tex:382: Extra }, or forgotten $.
<template> \unskip \hfil }
                          \hskip \tabcolsep \endtemplate 
l.382   \intern
               (r^*)         & \dn& (\intern(r))^*$ \\
I've deleted a group-closing symbol because it seems to be
spurious, as in `$x}$'. But perhaps the } is legitimate and
you forgot something else, as in `\hbox{$x}'. In such cases
the way to recover is to insert both the forgotten and the
deleted material, e.g., by typing `I$}'.

/Users/meshalbinnasban/Google Drive/KCL/Code Playground/Marked/Report/Reportv2.tex:382: Missing $ inserted.
<inserted text> 
                $
l.382   \intern
               (r^*)         & \dn& (\intern(r))^*$ \\
I've inserted a begin-math/end-math symbol since I think
you left one out. Proceed, with fingers crossed.

/Users/meshalbinnasban/Google Drive/KCL/Code Playground/Marked/Report/Reportv2.tex:382: Missing } inserted.
<inserted text> 
                }
l.382   \intern
               (r^*)         & \dn& (\intern(r))^*$ \\
I've inserted something that you may have forgotten.
(See the <inserted text> above.)
With luck, this will get me unwedged. But if you
really didn't forget anything, try typing `2' now; then
my insertion and my current dilemma will both disappear.

/Users/meshalbinnasban/Google Drive/KCL/Code Playground/Marked/Report/Reportv2.tex:382: Missing $ inserted.
<inserted text> 
                $
l.382   \intern(r^
                  *)         & \dn& (\intern(r))^*$ \\
I've inserted a begin-math/end-math symbol since I think
you left one out. Proceed, with fingers crossed.

/Users/meshalbinnasban/Google Drive/KCL/Code Playground/Marked/Report/Reportv2.tex:382: Extra }, or forgotten $.
<template> \unskip \hfil }
                          \hskip \tabcolsep \endtemplate 
l.382   \intern(r^*)         &
                               \dn& (\intern(r))^*$ \\
I've deleted a group-closing symbol because it seems to be
spurious, as in `$x}$'. But perhaps the } is legitimate and
you forgot something else, as in `\hbox{$x}'. In such cases
the way to recover is to insert both the forgotten and the
deleted material, e.g., by typing `I$}'.

/Users/meshalbinnasban/Google Drive/KCL/Code Playground/Marked/Report/Reportv2.tex:382: Missing $ inserted.
<inserted text> 
                $
l.382   \intern(r^*)         &
                               \dn& (\intern(r))^*$ \\
I've inserted a begin-math/end-math symbol since I think
you left one out. Proceed, with fingers crossed.

/Users/meshalbinnasban/Google Drive/KCL/Code Playground/Marked/Report/Reportv2.tex:382: Missing } inserted.
<inserted text> 
                }
l.382   \intern(r^*)         &
                               \dn& (\intern(r))^*$ \\
I've inserted something that you may have forgotten.
(See the <inserted text> above.)
With luck, this will get me unwedged. But if you
really didn't forget anything, try typing `2' now; then
my insertion and my current dilemma will both disappear.

/Users/meshalbinnasban/Google Drive/KCL/Code Playground/Marked/Report/Reportv2.tex:382: Missing $ inserted.
<inserted text> 
                $
l.382   \intern(r^*)         & \dn& (\intern(r))^
                                                 *$ \\
I've inserted a begin-math/end-math symbol since I think
you left one out. Proceed, with fingers crossed.


LaTeX Warning: Citation `NipkowTraytel2014' on page 10 undefined on input line 422.


LaTeX Warning: Citation `Fischer2010' on page 10 undefined on input line 424.


LaTeX Warning: Citation `Asperti2010' on page 10 undefined on input line 425.



[10]

LaTeX Warning: Citation `Fischer2010' on page 11 undefined on input line 437.


LaTeX Warning: Citation `Asperti2010' on page 11 undefined on input line 438.



[11]

LaTeX Warning: Citation `Fischer2010' on page 12 undefined on input line 460.


LaTeX Warning: Citation `Asperti2010' on page 12 undefined on input line 460.


LaTeX Warning: Citation `Fischer2010' on page 12 undefined on input line 462.


LaTeX Warning: Citation `NipkowTraytel2014' on page 12 undefined on input line 463.


LaTeX Warning: Citation `Fischer2010' on page 12 undefined on input line 474.



[12]

LaTeX Warning: Citation `Fischer2010' on page 13 undefined on input line 542.


LaTeX Warning: Citation `Asperti2010' on page 13 undefined on input line 542.



[13{/usr/local/Cellar/texlive/20250308_1/share/texmf-dist/fonts/enc/dvips/cm-super/cm-super-ts1.enc}]

LaTeX Warning: Citation `Fischer2010' on page 14 undefined on input line 569.


LaTeX Warning: Citation `Fischer2010' on page 14 undefined on input line 602.



[14]

LaTeX Warning: Citation `OkuiSuzuki2013' on page 15 undefined on input line 615.


LaTeX Warning: Citation `Sulzmann2014' on page 15 undefined on input line 624.


LaTeX Warning: Citation `Sulzmann2014' on page 15 undefined on input line 629.



[15]

LaTeX Warning: Citation `Sulzmann2014' on page 16 undefined on input line 641.


LaTeX Warning: Citation `TanAndUrban2023' on page 16 undefined on input line 641.


Overfull \hbox (15.62042pt too wide) in paragraph at lines 666--693
 [] 
 []



[16]

[17]
Overfull \hbox (0.78722pt too wide) detected at line 755
[]
 []



[18]

[19]

[20]

LaTeX Warning: Citation `Fischer2010' on page 21 undefined on input line 821.


LaTeX Warning: Citation `Asperti2010' on page 21 undefined on input line 821.



[21]
Overfull \hbox (30.06825pt too wide) detected at line 886
[]
 []



[22]

[23]
LaTeX Font Info:    Font shape `OT1/cmtt/bx/n' in size <12> not available
(Font)              Font shape `OT1/cmtt/m/n' tried instead on input line 1000.


[24] (./Reportv2.bbl)

[25] (./Reportv2.aux)
 ***********
LaTeX2e <2024-11-01> patch level 2
L3 programming layer <2025-01-18>
 ***********


LaTeX Warning: There were undefined references.

 ) 
Here is how much of TeX's memory you used:
 1879 strings out of 473190
 27026 string characters out of 5705898
 423599 words of memory out of 5000000
 25147 multiletter control sequences out of 15000+600000
 573381 words of font info for 89 fonts, out of 8000000 for 9000
 1141 hyphenation exceptions out of 8191
 56i,18n,65p,539b,368s stack positions out of 10000i,1000n,20000p,200000b,200000s
</usr/local/Cellar/texlive/20250308_1/share/texmf-dist/fonts/type1/public/amsfonts/cm/cmbx10.pfb></usr/local/Cellar/texlive/20250308_1/share/texmf-dist/fonts/type1/public/amsfonts/cm/cmbx12.pfb></usr/local/Cellar/texlive/20250308_1/share/texmf-dist/fonts/type1/public/amsfonts/cm/cmbxti10.pfb></usr/local/Cellar/texlive/20250308_1/share/texmf-dist/fonts/type1/public/amsfonts/cm/cmex10.pfb></usr/local/Cellar/texlive/20250308_1/share/texmf-dist/fonts/type1/public/amsfonts/cm/cmmi12.pfb></usr/local/Cellar/texlive/20250308_1/share/texmf-dist/fonts/type1/public/amsfonts/cm/cmmi6.pfb></usr/local/Cellar/texlive/20250308_1/share/texmf-dist/fonts/type1/public/amsfonts/cm/cmmi8.pfb></usr/local/Cellar/texlive/20250308_1/share/texmf-dist/fonts/type1/public/amsfonts/cm/cmr10.pfb></usr/local/Cellar/texlive/20250308_1/share/texmf-dist/fonts/type1/public/amsfonts/cm/cmr12.pfb></usr/local/Cellar/texlive/20250308_1/share/texmf-dist/fonts/type1/public/amsfonts/cm/cmr17.pfb></usr/local/Cellar/texlive/20250308_1/share/texmf-dist/fonts/type1/public/amsfonts/cm/cmr6.pfb></usr/local/Cellar/texlive/20250308_1/share/texmf-dist/fonts/type1/public/amsfonts/cm/cmr7.pfb></usr/local/Cellar/texlive/20250308_1/share/texmf-dist/fonts/type1/public/amsfonts/cm/cmr8.pfb></usr/local/Cellar/texlive/20250308_1/share/texmf-dist/fonts/type1/public/amsfonts/cm/cmsy10.pfb></usr/local/Cellar/texlive/20250308_1/share/texmf-dist/fonts/type1/public/amsfonts/cm/cmsy6.pfb></usr/local/Cellar/texlive/20250308_1/share/texmf-dist/fonts/type1/public/amsfonts/cm/cmsy8.pfb></usr/local/Cellar/texlive/20250308_1/share/texmf-dist/fonts/type1/public/amsfonts/cm/cmti12.pfb></usr/local/Cellar/texlive/20250308_1/share/texmf-dist/fonts/type1/public/amsfonts/cm/cmti8.pfb></usr/local/Cellar/texlive/20250308_1/share/texmf-dist/fonts/type1/public/amsfonts/cm/cmtt12.pfb></usr/local/Cellar/texlive/20250308_1/share/texmf-dist/fonts/type1/public/cm-super/sfrm1200.pfb>
Output written on Reportv2.pdf (25 pages, 268876 bytes).
PDF statistics:
 187 PDF objects out of 1000 (max. 8388607)
 118 compressed objects within 2 object streams
 0 named destinations out of 1000 (max. 500000)
 1 words of extra memory for PDF output out of 10000 (max. 10000000)

