This is pdfTeX, Version 3.141592653-2.6-1.40.27 (TeX Live 2025/Homebrew) (preloaded format=pdflatex 2025.3.15)  30 JUL 2025 17:09
entering extended mode
 restricted \write18 enabled.
 file:line:error style messages enabled.
 %&-line parsing enabled.
**"/Users/meshalbinnasban/Google Drive/KCL/Code Playground/Marked/Report/Report2.tex"
(/Users/meshalbinnasban/Google Drive/KCL/Code Playground/Marked/Report/Report2.tex
LaTeX2e <2024-11-01> patch level 2
L3 programming layer <2025-01-18>
(/usr/local/Cellar/texlive/20250308_1/share/texmf-dist/tex/latex/base/article.cls
Document Class: article 2024/06/29 v1.4n Standard LaTeX document class
(/usr/local/Cellar/texlive/20250308_1/share/texmf-dist/tex/latex/base/size12.clo
File: size12.clo 2024/06/29 v1.4n Standard LaTeX file (size option)
)
\c@part=\count196
\c@section=\count197
\c@subsection=\count198
\c@subsubsection=\count199
\c@paragraph=\count266
\c@subparagraph=\count267
\c@figure=\count268
\c@table=\count269
\abovecaptionskip=\skip49
\belowcaptionskip=\skip50
\bibindent=\dimen141
) (/usr/local/Cellar/texlive/20250308_1/share/texmf-dist/tex/latex/l3backend/l3backend-pdftex.def
File: l3backend-pdftex.def 2024-05-08 L3 backend support: PDF output (pdfTeX)
\l__color_backend_stack_int=\count270
\l__pdf_internal_box=\box52
) (./Report2.aux)
\openout1 = `Report2.aux'.

LaTeX Font Info:    Checking defaults for OML/cmm/m/it on input line 7.
LaTeX Font Info:    ... okay on input line 7.
LaTeX Font Info:    Checking defaults for OMS/cmsy/m/n on input line 7.
LaTeX Font Info:    ... okay on input line 7.
LaTeX Font Info:    Checking defaults for OT1/cmr/m/n on input line 7.
LaTeX Font Info:    ... okay on input line 7.
LaTeX Font Info:    Checking defaults for T1/cmr/m/n on input line 7.
LaTeX Font Info:    ... okay on input line 7.
LaTeX Font Info:    Checking defaults for TS1/cmr/m/n on input line 7.
LaTeX Font Info:    ... okay on input line 7.
LaTeX Font Info:    Checking defaults for OMX/cmex/m/n on input line 7.
LaTeX Font Info:    ... okay on input line 7.
LaTeX Font Info:    Checking defaults for U/cmr/m/n on input line 7.
LaTeX Font Info:    ... okay on input line 7.
LaTeX Font Info:    External font `cmex10' loaded for size
(Font)              <14.4> on input line 9.
LaTeX Font Info:    External font `cmex10' loaded for size
(Font)              <7> on input line 9.


[1

{/usr/local/Cellar/texlive/20250308_1/share/texmf-dist/fonts/map/pdftex/updmap/pdftex.map}]
Overfull \hbox (0.87927pt too wide) in paragraph at lines 17--18
\OT1/cmr/m/n/12 ming|especially through in-duc-tive datatypes and re-cur-sive eval-u-a-tion|have
 []

LaTeX Font Info:    External font `cmex10' loaded for size
(Font)              <12> on input line 20.
LaTeX Font Info:    External font `cmex10' loaded for size
(Font)              <8> on input line 20.
LaTeX Font Info:    External font `cmex10' loaded for size
(Font)              <6> on input line 20.

Overfull \hbox (5.07782pt too wide) detected at line 25
[]\OML/cmm/m/it/12 r \OT1/cmr/m/n/12 = [](\OML/cmm/m/it/12 ab \OT1/cmr/m/n/12 + \OML/cmm/m/it/12 ba\OT1/cmr/m/n/12 ) = [](\OML/cmm/m/it/12 ab\OT1/cmr/m/n/12 ) + [](\OML/cmm/m/it/12 ba\OT1/cmr/m/n/12 )[]  \OMS/cmsy/m/n/12 ! \OT1/cmr/m/n/12 (\OML/cmm/m/it/12 der[] a\OT1/cmr/m/n/12 ) \OMS/cmsy/m/n/12 ^^A \OML/cmm/m/it/12 b \OT1/cmr/m/n/12 + (\OML/cmm/m/it/12 der[] b\OT1/cmr/m/n/12 ) \OMS/cmsy/m/n/12 ^^A \OML/cmm/m/it/12 a \OT1/cmr/m/n/12 = 0 \OMS/cmsy/m/n/12 ^^A \OML/cmm/m/it/12 b \OT1/cmr/m/n/12 + 1 \OMS/cmsy/m/n/12 ^^A \OML/cmm/m/it/12 a
 []



[2]
LaTeX Font Info:    Font shape `OT1/cmtt/bx/n' in size <12> not available
(Font)              Font shape `OT1/cmtt/m/n' tried instead on input line 52.


LaTeX Warning: Citation `Tan2023' on page 3 undefined on input line 83.


Overfull \hbox (13.66127pt too wide) in paragraph at lines 83--84
\OT1/cmr/m/n/12 mann and Chris-tian Ur-ban in \OT1/cmr/m/it/12 POSIX Lex-ing with Bit-coded Deriva-tives \OT1/cmr/m/n/12 [[]]|that
 []


LaTeX Warning: Citation `Tan2023' on page 3 undefined on input line 85.



[3] (./Report2.bbl
Underfull \hbox (badness 1127) in paragraph at lines 9--12
[]\OT1/cmr/m/n/12 J. A. Br-zo-zowski.  Deriva-tives of reg-u-lar ex-pres-sions.  \OT1/cmr/m/it/12 J. ACM\OT1/cmr/m/n/12 ,
 []

)

[4] (./Report2.aux)
 ***********
LaTeX2e <2024-11-01> patch level 2
L3 programming layer <2025-01-18>
 ***********


LaTeX Warning: There were undefined references.

 ) 
Here is how much of TeX's memory you used:
 488 strings out of 473190
 9432 string characters out of 5705898
 402181 words of memory out of 5000000
 23807 multiletter control sequences out of 15000+600000
 564214 words of font info for 54 fonts, out of 8000000 for 9000
 1141 hyphenation exceptions out of 8191
 35i,6n,50p,715b,197s stack positions out of 10000i,1000n,20000p,200000b,200000s
</usr/local/Cellar/texlive/20250308_1/share/texmf-dist/fonts/type1/public/amsfonts/cm/cmbx12.pfb></usr/local/Cellar/texlive/20250308_1/share/texmf-dist/fonts/type1/public/amsfonts/cm/cmmi12.pfb></usr/local/Cellar/texlive/20250308_1/share/texmf-dist/fonts/type1/public/amsfonts/cm/cmmi8.pfb></usr/local/Cellar/texlive/20250308_1/share/texmf-dist/fonts/type1/public/amsfonts/cm/cmr12.pfb></usr/local/Cellar/texlive/20250308_1/share/texmf-dist/fonts/type1/public/amsfonts/cm/cmr17.pfb></usr/local/Cellar/texlive/20250308_1/share/texmf-dist/fonts/type1/public/amsfonts/cm/cmsy10.pfb></usr/local/Cellar/texlive/20250308_1/share/texmf-dist/fonts/type1/public/amsfonts/cm/cmsy8.pfb></usr/local/Cellar/texlive/20250308_1/share/texmf-dist/fonts/type1/public/amsfonts/cm/cmti12.pfb></usr/local/Cellar/texlive/20250308_1/share/texmf-dist/fonts/type1/public/amsfonts/cm/cmtt12.pfb>
Output written on Report2.pdf (4 pages, 110453 bytes).
PDF statistics:
 62 PDF objects out of 1000 (max. 8388607)
 37 compressed objects within 1 object stream
 0 named destinations out of 1000 (max. 500000)
 1 words of extra memory for PDF output out of 10000 (max. 10000000)

