This is pdfTeX, Version 3.141592653-2.6-1.40.27 (TeX Live 2025/Homebrew) (preloaded format=pdflatex 2025.3.15)  15 MAR 2026 04:18
entering extended mode
 restricted \write18 enabled.
 file:line:error style messages enabled.
 %&-line parsing enabled.
**"/Users/meshalbinnasban/Google Drive/KCL/Code Playground/Marked/DrChristian/Terms&Conditions.tex"
(/Users/meshalbinnasban/Google Drive/KCL/Code Playground/Marked/DrChristian/Terms&Conditions.tex
LaTeX2e <2024-11-01> patch level 2
L3 programming layer <2025-01-18>
(/usr/local/Cellar/texlive/20250308_1/share/texmf-dist/tex/latex/base/article.cls
Document Class: article 2024/06/29 v1.4n Standard LaTeX document class
(/usr/local/Cellar/texlive/20250308_1/share/texmf-dist/tex/latex/base/size12.clo
File: size12.clo 2024/06/29 v1.4n Standard LaTeX file (size option)
)
\c@part=\count196
\c@section=\count197
\c@subsection=\count198
\c@subsubsection=\count199
\c@paragraph=\count266
\c@subparagraph=\count267
\c@figure=\count268
\c@table=\count269
\abovecaptionskip=\skip49
\belowcaptionskip=\skip50
\bibindent=\dimen141
) (/usr/local/Cellar/texlive/20250308_1/share/texmf-dist/tex/latex/geometry/geometry.sty
Package: geometry 2020/01/02 v5.9 Page Geometry
 (/usr/local/Cellar/texlive/20250308_1/share/texmf-dist/tex/latex/graphics/keyval.sty
Package: keyval 2022/05/29 v1.15 key=value parser (DPC)
\KV@toks@=\toks17
) (/usr/local/Cellar/texlive/20250308_1/share/texmf-dist/tex/generic/iftex/ifvtex.sty
Package: ifvtex 2019/10/25 v1.7 ifvtex legacy package. Use iftex instead.
 (/usr/local/Cellar/texlive/20250308_1/share/texmf-dist/tex/generic/iftex/iftex.sty
Package: iftex 2024/12/12 v1.0g TeX engine tests
))
\Gm@cnth=\count270
\Gm@cntv=\count271
\c@Gm@tempcnt=\count272
\Gm@bindingoffset=\dimen142
\Gm@wd@mp=\dimen143
\Gm@odd@mp=\dimen144
\Gm@even@mp=\dimen145
\Gm@layoutwidth=\dimen146
\Gm@layoutheight=\dimen147
\Gm@layouthoffset=\dimen148
\Gm@layoutvoffset=\dimen149
\Gm@dimlist=\toks18
) (/usr/local/Cellar/texlive/20250308_1/share/texmf-dist/tex/latex/base/inputenc.sty
Package: inputenc 2024/02/08 v1.3d Input encoding file
\inpenc@prehook=\toks19
\inpenc@posthook=\toks20
) (/usr/local/Cellar/texlive/20250308_1/share/texmf-dist/tex/latex/base/fontenc.sty
Package: fontenc 2021/04/29 v2.0v Standard LaTeX package
) (/usr/local/Cellar/texlive/20250308_1/share/texmf-dist/tex/generic/babel/babel.sty
Package: babel 2025/02/14 v25.4 The multilingual framework for pdfLaTeX, LuaLaTeX and XeLaTeX
\babel@savecnt=\count273
\U@D=\dimen150
\l@unhyphenated=\language90
 (/usr/local/Cellar/texlive/20250308_1/share/texmf-dist/tex/generic/babel/txtbabel.def)
\bbl@readstream=\read2
\bbl@dirlevel=\count274
 (/usr/local/Cellar/texlive/20250308_1/share/texmf-dist/tex/generic/babel-english/english.ldf
Language: english 2017/06/06 v3.3r English support from the babel system
Package babel Info: Hyphen rules for 'canadian' set to \l@english
(babel)             (\language0). Reported on input line 102.
Package babel Info: Hyphen rules for 'australian' set to \l@ukenglish
(babel)             (\language22). Reported on input line 105.
Package babel Info: Hyphen rules for 'newzealand' set to \l@ukenglish
(babel)             (\language22). Reported on input line 108.
) (/usr/local/Cellar/texlive/20250308_1/share/texmf-dist/tex/latex/arabi/arabic.ldf
File: arabic.ldf 
Language: arabic 2006/01/01 v0.1 Arabic support for the babel system
 Loading the definitions for the LaTeX{} Arabic encoding (/usr/local/Cellar/texlive/20250308_1/share/texmf-dist/tex/latex/arabi/laeenc.def
File: laeenc.def 2006/01/01 v0.1 Local Arabic font encoding (test version: may change)
Now handling font encoding LAE ...
... processing UTF-8 mapping file for font encoding LAE
 (/usr/local/Cellar/texlive/20250308_1/share/texmf-dist/tex/latex/arabi/laeenc.dfu
File: laeenc.dfu 2006/01/01 v1.0 UTF-8 support for Arabic and Farsi for use with inputenc
   defining Unicode char U+066A (decimal 1642)
   defining Unicode char U+060C (decimal 1548)
   defining Unicode char U+0660 (decimal 1632)
   defining Unicode char U+0661 (decimal 1633)
   defining Unicode char U+0662 (decimal 1634)
   defining Unicode char U+0663 (decimal 1635)
   defining Unicode char U+0664 (decimal 1636)
   defining Unicode char U+0665 (decimal 1637)
   defining Unicode char U+0666 (decimal 1638)
   defining Unicode char U+0667 (decimal 1639)
   defining Unicode char U+0668 (decimal 1640)
   defining Unicode char U+0669 (decimal 1641)
   defining Unicode char U+061B (decimal 1563)
   defining Unicode char U+061F (decimal 1567)
   defining Unicode char U+0621 (decimal 1569)
   defining Unicode char U+0622 (decimal 1570)
   defining Unicode char U+0623 (decimal 1571)
   defining Unicode char U+0624 (decimal 1572)
   defining Unicode char U+0625 (decimal 1573)
   defining Unicode char U+0626 (decimal 1574)
   defining Unicode char U+0627 (decimal 1575)
   defining Unicode char U+0628 (decimal 1576)
   defining Unicode char U+0629 (decimal 1577)
   defining Unicode char U+062A (decimal 1578)
   defining Unicode char U+062B (decimal 1579)
   defining Unicode char U+062C (decimal 1580)
   defining Unicode char U+062D (decimal 1581)
   defining Unicode char U+062E (decimal 1582)
   defining Unicode char U+062F (decimal 1583)
   defining Unicode char U+0630 (decimal 1584)
   defining Unicode char U+0631 (decimal 1585)
   defining Unicode char U+0632 (decimal 1586)
   defining Unicode char U+0633 (decimal 1587)
   defining Unicode char U+0634 (decimal 1588)
   defining Unicode char U+0635 (decimal 1589)
   defining Unicode char U+0636 (decimal 1590)
   defining Unicode char U+0637 (decimal 1591)
   defining Unicode char U+0638 (decimal 1592)
   defining Unicode char U+0639 (decimal 1593)
   defining Unicode char U+063A (decimal 1594)
   defining Unicode char U+0640 (decimal 1600)
   defining Unicode char U+0641 (decimal 1601)
   defining Unicode char U+0642 (decimal 1602)
   defining Unicode char U+0643 (decimal 1603)
   defining Unicode char U+0644 (decimal 1604)
   defining Unicode char U+0645 (decimal 1605)
   defining Unicode char U+0646 (decimal 1606)
   defining Unicode char U+0647 (decimal 1607)
   defining Unicode char U+0648 (decimal 1608)
   defining Unicode char U+0649 (decimal 1609)
   defining Unicode char U+064A (decimal 1610)
   defining Unicode char U+064B (decimal 1611)
   defining Unicode char U+064C (decimal 1612)
   defining Unicode char U+064D (decimal 1613)
   defining Unicode char U+064E (decimal 1614)
   defining Unicode char U+064F (decimal 1615)
   defining Unicode char U+0650 (decimal 1616)
   defining Unicode char U+0651 (decimal 1617)
   defining Unicode char U+0652 (decimal 1618)
   defining Unicode char U+067E (decimal 1662)
   defining Unicode char U+0686 (decimal 1670)
   defining Unicode char U+0698 (decimal 1688)
   defining Unicode char U+06A9 (decimal 1705)
   defining Unicode char U+06AF (decimal 1711)
   defining Unicode char U+06CC (decimal 1740)
   defining Unicode char U+06F0 (decimal 1776)
   defining Unicode char U+06F1 (decimal 1777)
   defining Unicode char U+06F2 (decimal 1778)
   defining Unicode char U+06F3 (decimal 1779)
   defining Unicode char U+06F4 (decimal 1780)
   defining Unicode char U+06F5 (decimal 1781)
   defining Unicode char U+06F6 (decimal 1782)
   defining Unicode char U+06F7 (decimal 1783)
   defining Unicode char U+06F8 (decimal 1784)
   defining Unicode char U+06F9 (decimal 1785)
   defining Unicode char U+200C (decimal 8204)
   defining Unicode char U+06D5 (decimal 1749)
)) Loading the Common definitions for Arabic and Farsi (/usr/local/Cellar/texlive/20250308_1/share/texmf-dist/tex/latex/arabi/arabicore.sty   Arabi Core switching commands v1.0  2006/01/01   (may still change)  
\n@everypar=\toks21
\@Arabitempboxa=\box52
\llahheight=\skip51
\Decimalheight=\skip52
)
LaTeX Font Info:    Redeclaring font encoding LAE on input line 144.
 Loading the Arabi fonts definitions for Arabic (/usr/local/Cellar/texlive/20250308_1/share/texmf-dist/tex/latex/arabi/arabicfnt.sty   Arabic font switching commands v1.0  2006/01/01   (may still change)  
LaTeX Info: Redefining \texttimes on input line 101.
LaTeX Info: Redefining \times on input line 102.
LaTeX Info: Redefining \omega on input line 137.
) Loading the Common definitions for Arabic and Farsi (/usr/local/Cellar/texlive/20250308_1/share/texmf-dist/tex/latex/arabi/arabnovowel.sty
File: arabnovowel.sty 2005/09/07 v0.1 Arabic dummy vowel slots when needed
\ArabiStruthightOFF=\skip53
\ArabiStrutdepthOFF=\skip54
\ArabiStruthightON=\skip55
\ArabiStrutdepthON=\skip56
LaTeX Font Info:    Trying to load font information for LAE+cmr on input line 133.
 (/usr/local/Cellar/texlive/20250308_1/share/texmf-dist/tex/latex/arabi/laecmr.fd
File: laecmr.fd 2006/01/01 v0.1 LaTeX Arabic default font description (test version: may change)
)
LaTeX Font Info:    Font shape `LAE/cmr/m/n' will be
(Font)              scaled to size 15.0pt on input line 133.
)
*************************************
* Local config file arabic.cfg used
*
(/usr/local/Cellar/texlive/20250308_1/share/texmf-dist/tex/latex/arabi/arabic.cfg))) (/usr/local/Cellar/texlive/20250308_1/share/texmf-dist/tex/generic/babel/locale/ar/babel-arabic.tex
Package babel Info: Importing font and identification data for arabic
(babel)             from babel-ar.ini. Reported on input line 11.
) (/usr/local/Cellar/texlive/20250308_1/share/texmf-dist/tex/generic/babel/locale/en/babel-english.tex
Package babel Info: Importing font and identification data for english
(babel)             from babel-en.ini. Reported on input line 11.
) (/usr/local/Cellar/texlive/20250308_1/share/texmf-dist/tex/latex/setspace/setspace.sty
Package: setspace 2022/12/04 v6.7b set line spacing
) (/usr/local/Cellar/texlive/20250308_1/share/texmf-dist/tex/latex/enumitem/enumitem.sty
Package: enumitem 2025/02/06 v3.11 Customized lists
\labelindent=\skip57
\enit@outerparindent=\dimen151
\enit@toks=\toks22
\enit@inbox=\box53
\enit@count@id=\count275
\enitdp@description=\count276
) (/usr/local/Cellar/texlive/20250308_1/share/texmf-dist/tex/latex/hyperref/hyperref.sty
Package: hyperref 2024-11-05 v7.01l Hypertext links for LaTeX
 (/usr/local/Cellar/texlive/20250308_1/share/texmf-dist/tex/latex/kvsetkeys/kvsetkeys.sty
Package: kvsetkeys 2022-10-05 v1.19 Key value parser (HO)
) (/usr/local/Cellar/texlive/20250308_1/share/texmf-dist/tex/generic/kvdefinekeys/kvdefinekeys.sty
Package: kvdefinekeys 2019-12-19 v1.6 Define keys (HO)
) (/usr/local/Cellar/texlive/20250308_1/share/texmf-dist/tex/generic/pdfescape/pdfescape.sty
Package: pdfescape 2019/12/09 v1.15 Implements pdfTeX's escape features (HO)
 (/usr/local/Cellar/texlive/20250308_1/share/texmf-dist/tex/generic/ltxcmds/ltxcmds.sty
Package: ltxcmds 2023-12-04 v1.26 LaTeX kernel commands for general use (HO)
) (/usr/local/Cellar/texlive/20250308_1/share/texmf-dist/tex/generic/pdftexcmds/pdftexcmds.sty
Package: pdftexcmds 2020-06-27 v0.33 Utility functions of pdfTeX for LuaTeX (HO)
 (/usr/local/Cellar/texlive/20250308_1/share/texmf-dist/tex/generic/infwarerr/infwarerr.sty
Package: infwarerr 2019/12/03 v1.5 Providing info/warning/error messages (HO)
)
Package pdftexcmds Info: \pdf@primitive is available.
Package pdftexcmds Info: \pdf@ifprimitive is available.
Package pdftexcmds Info: \pdfdraftmode found.
)) (/usr/local/Cellar/texlive/20250308_1/share/texmf-dist/tex/latex/hycolor/hycolor.sty
Package: hycolor 2020-01-27 v1.10 Color options for hyperref/bookmark (HO)
) (/usr/local/Cellar/texlive/20250308_1/share/texmf-dist/tex/latex/hyperref/nameref.sty
Package: nameref 2023-11-26 v2.56 Cross-referencing by name of section
 (/usr/local/Cellar/texlive/20250308_1/share/texmf-dist/tex/latex/refcount/refcount.sty
Package: refcount 2019/12/15 v3.6 Data extraction from label references (HO)
) (/usr/local/Cellar/texlive/20250308_1/share/texmf-dist/tex/generic/gettitlestring/gettitlestring.sty
Package: gettitlestring 2019/12/15 v1.6 Cleanup title references (HO)
 (/usr/local/Cellar/texlive/20250308_1/share/texmf-dist/tex/latex/kvoptions/kvoptions.sty
Package: kvoptions 2022-06-15 v3.15 Key value format for package options (HO)
))
\c@section@level=\count277
) (/usr/local/Cellar/texlive/20250308_1/share/texmf-dist/tex/latex/etoolbox/etoolbox.sty
Package: etoolbox 2025/02/11 v2.5l e-TeX tools for LaTeX (JAW)
\etb@tempcnta=\count278
) (/usr/local/Cellar/texlive/20250308_1/share/texmf-dist/tex/generic/stringenc/stringenc.sty
Package: stringenc 2019/11/29 v1.12 Convert strings between diff. encodings (HO)
)
\@linkdim=\dimen152
\Hy@linkcounter=\count279
\Hy@pagecounter=\count280
 (/usr/local/Cellar/texlive/20250308_1/share/texmf-dist/tex/latex/hyperref/pd1enc.def
File: pd1enc.def 2024-11-05 v7.01l Hyperref: PDFDocEncoding definition (HO)
Now handling font encoding PD1 ...
... no UTF-8 mapping file for font encoding PD1
) (/usr/local/Cellar/texlive/20250308_1/share/texmf-dist/tex/generic/intcalc/intcalc.sty
Package: intcalc 2019/12/15 v1.3 Expandable calculations with integers (HO)
)
\Hy@SavedSpaceFactor=\count281
 (/usr/local/Cellar/texlive/20250308_1/share/texmf-dist/tex/latex/hyperref/puenc.def
File: puenc.def 2024-11-05 v7.01l Hyperref: PDF Unicode definition (HO)
Now handling font encoding PU ...
... no UTF-8 mapping file for font encoding PU
)
Package hyperref Info: Hyper figures OFF on input line 4157.
Package hyperref Info: Link nesting OFF on input line 4162.
Package hyperref Info: Hyper index ON on input line 4165.
Package hyperref Info: Plain pages OFF on input line 4172.
Package hyperref Info: Backreferencing OFF on input line 4177.
Package hyperref Info: Implicit mode ON; LaTeX internals redefined.
Package hyperref Info: Bookmarks ON on input line 4424.
\c@Hy@tempcnt=\count282
 (/usr/local/Cellar/texlive/20250308_1/share/texmf-dist/tex/latex/url/url.sty
\Urlmuskip=\muskip17
Package: url 2013/09/16  ver 3.4  Verb mode for urls, etc.
)
LaTeX Info: Redefining \url on input line 4763.
\XeTeXLinkMargin=\dimen153
 (/usr/local/Cellar/texlive/20250308_1/share/texmf-dist/tex/generic/bitset/bitset.sty
Package: bitset 2019/12/09 v1.3 Handle bit-vector datatype (HO)
 (/usr/local/Cellar/texlive/20250308_1/share/texmf-dist/tex/generic/bigintcalc/bigintcalc.sty
Package: bigintcalc 2019/12/15 v1.5 Expandable calculations on big integers (HO)
))
\Fld@menulength=\count283
\Field@Width=\dimen154
\Fld@charsize=\dimen155
Package hyperref Info: Hyper figures OFF on input line 6042.
Package hyperref Info: Link nesting OFF on input line 6047.
Package hyperref Info: Hyper index ON on input line 6050.
Package hyperref Info: backreferencing OFF on input line 6057.
Package hyperref Info: Link coloring OFF on input line 6062.
Package hyperref Info: Link coloring with OCG OFF on input line 6067.
Package hyperref Info: PDF/A mode OFF on input line 6072.
 (/usr/local/Cellar/texlive/20250308_1/share/texmf-dist/tex/latex/base/atbegshi-ltx.sty
Package: atbegshi-ltx 2021/01/10 v1.0c Emulation of the original atbegshi
package with kernel methods
)
\Hy@abspage=\count284
\c@Item=\count285
\c@Hfootnote=\count286
)
Package hyperref Info: Driver (autodetected): hpdftex.
 (/usr/local/Cellar/texlive/20250308_1/share/texmf-dist/tex/latex/hyperref/hpdftex.def
File: hpdftex.def 2024-11-05 v7.01l Hyperref driver for pdfTeX
 (/usr/local/Cellar/texlive/20250308_1/share/texmf-dist/tex/latex/base/atveryend-ltx.sty
Package: atveryend-ltx 2020/08/19 v1.0a Emulation of the original atveryend package
with kernel methods
)
\Fld@listcount=\count287
\c@bookmark@seq@number=\count288
 (/usr/local/Cellar/texlive/20250308_1/share/texmf-dist/tex/latex/rerunfilecheck/rerunfilecheck.sty
Package: rerunfilecheck 2022-07-10 v1.10 Rerun checks for auxiliary files (HO)
 (/usr/local/Cellar/texlive/20250308_1/share/texmf-dist/tex/generic/uniquecounter/uniquecounter.sty
Package: uniquecounter 2019/12/15 v1.4 Provide unlimited unique counter (HO)
)
Package uniquecounter Info: New unique counter `rerunfilecheck' on input line 285.
)
\Hy@SectionHShift=\skip58
) (/usr/local/Cellar/texlive/20250308_1/share/texmf-dist/tex/latex/titlesec/titlesec.sty
Package: titlesec 2025/01/04 v2.17 Sectioning titles
\ttl@box=\box54
\beforetitleunit=\skip59
\aftertitleunit=\skip60
\ttl@plus=\dimen156
\ttl@minus=\dimen157
\ttl@toksa=\toks23
\titlewidth=\dimen158
\titlewidthlast=\dimen159
\titlewidthfirst=\dimen160
) (/usr/local/Cellar/texlive/20250308_1/share/texmf-dist/tex/latex/l3backend/l3backend-pdftex.def
File: l3backend-pdftex.def 2024-05-08 L3 backend support: PDF output (pdfTeX)
\l__color_backend_stack_int=\count289
\l__pdf_internal_box=\box55
) (./Terms&Conditions.aux)
\openout1 = `Terms&Conditions.aux'.

LaTeX Font Info:    Checking defaults for OML/cmm/m/it on input line 19.
LaTeX Font Info:    ... okay on input line 19.
LaTeX Font Info:    Checking defaults for OMS/cmsy/m/n on input line 19.
LaTeX Font Info:    ... okay on input line 19.
LaTeX Font Info:    Checking defaults for OT1/cmr/m/n on input line 19.
LaTeX Font Info:    ... okay on input line 19.
LaTeX Font Info:    Checking defaults for T1/cmr/m/n on input line 19.
LaTeX Font Info:    ... okay on input line 19.
LaTeX Font Info:    Checking defaults for TS1/cmr/m/n on input line 19.
LaTeX Font Info:    ... okay on input line 19.
LaTeX Font Info:    Checking defaults for OMX/cmex/m/n on input line 19.
LaTeX Font Info:    ... okay on input line 19.
LaTeX Font Info:    Checking defaults for U/cmr/m/n on input line 19.
LaTeX Font Info:    ... okay on input line 19.
LaTeX Font Info:    Checking defaults for LAE/cmr/m/n on input line 19.
LaTeX Font Info:    ... okay on input line 19.
LaTeX Font Info:    Checking defaults for PD1/pdf/m/n on input line 19.
LaTeX Font Info:    ... okay on input line 19.
LaTeX Font Info:    Checking defaults for PU/pdf/m/n on input line 19.
LaTeX Font Info:    ... okay on input line 19.

*geometry* driver: auto-detecting
*geometry* detected driver: pdftex
*geometry* verbose mode - [ preamble ] result:
* driver: pdftex
* paper: a4paper
* layout: <same size as paper>
* layoutoffset:(h,v)=(0.0pt,0.0pt)
* modes: 
* h-part:(L,W,R)=(72.26999pt, 452.9679pt, 72.26999pt)
* v-part:(T,H,B)=(72.26999pt, 700.50687pt, 72.26999pt)
* \paperwidth=597.50787pt
* \paperheight=845.04684pt
* \textwidth=452.9679pt
* \textheight=700.50687pt
* \oddsidemargin=0.0pt
* \evensidemargin=0.0pt
* \topmargin=-37.0pt
* \headheight=12.0pt
* \headsep=25.0pt
* \topskip=12.0pt
* \footskip=30.0pt
* \marginparwidth=35.0pt
* \marginparsep=10.0pt
* \columnsep=10.0pt
* \skip\footins=10.8pt plus 4.0pt minus 2.0pt
* \hoffset=0.0pt
* \voffset=0.0pt
* \mag=1000
* \@twocolumnfalse
* \@twosidefalse
* \@mparswitchfalse
* \@reversemarginfalse
* (1in=72.27pt=25.4mm, 1cm=28.453pt)

(/usr/local/Cellar/texlive/20250308_1/share/texmf-dist/tex/latex/base/ifthen.sty
Package: ifthen 2024/03/16 v1.1e Standard LaTeX ifthen package (DPC)
)
Package hyperref Info: Link coloring OFF on input line 19.
 (./Terms&Conditions.out) (./Terms&Conditions.out)
\@outlinefile=\write3
\openout3 = `Terms&Conditions.out'.

LaTeX Font Info:    Font shape `LAE/cmr/m/n' will be
(Font)              scaled to size 21.59999pt on input line 22.
LaTeX Font Info:    Font shape `LAE/cmr/bx/n' in size <17.28> not available
(Font)              Font shape `LAE/cmr/b/n' tried instead on input line 22.
LaTeX Font Info:    Font shape `LAE/cmr/b/n' will be
(Font)              scaled to size 21.59999pt on input line 22.

Missing character: There is no o in font aealmateen!
Missing character: There is no o in font aealmateen!
LaTeX Font Info:    Font shape `LAE/cmr/m/n' will be
(Font)              scaled to size 17.99998pt on input line 29.
LaTeX Font Info:    Font shape `LAE/cmr/bx/n' in size <14.4> not available
(Font)              Font shape `LAE/cmr/b/n' tried instead on input line 29.
LaTeX Font Info:    Font shape `LAE/cmr/b/n' will be
(Font)              scaled to size 17.99998pt on input line 29.


[1

{/usr/local/Cellar/texlive/20250308_1/share/texmf-dist/fonts/map/pdftex/updmap/pdftex.map}{/usr/local/Cellar/texlive/20250308_1/share/texmf-dist/fonts/enc/dvips/arabi/ararabeyes.enc}{/usr/local/Cellar/texlive/20250308_1/share/texmf-dist/fonts/enc/dvips/cm-super/cm-super-t1.enc}]

[2]

[3]

[4]
Missing character: There is no G in font aealmohanadb!
Missing character: There is no p in font aealmohanadb!
Missing character: There is no o in font aealmohanadb!
Missing character: There is no c in font aealmohanadb!


[5]

[6]

[7]

[8]

[9]

[10]

[11]

[12]

[13]

[14] (./Terms&Conditions.aux)
 ***********
LaTeX2e <2024-11-01> patch level 2
L3 programming layer <2025-01-18>
 ***********
Package rerunfilecheck Info: File `Terms&Conditions.out' has not changed.
(rerunfilecheck)             Checksum: D41D8CD98F00B204E9800998ECF8427E;0.
 ) 
Here is how much of TeX's memory you used:
 10999 strings out of 473190
 172248 string characters out of 5705898
 597589 words of memory out of 5000000
 33979 multiletter control sequences out of 15000+600000
 584687 words of font info for 47 fonts, out of 8000000 for 9000
 1141 hyphenation exceptions out of 8191
 75i,5n,79p,576b,588s stack positions out of 10000i,1000n,20000p,200000b,200000s
</usr/local/Cellar/texlive/20250308_1/share/texmf-dist/fonts/type1/arabi/arabeyes/ae_almateen.pfb></usr/local/Cellar/texlive/20250308_1/share/texmf-dist/fonts/type1/arabi/arabeyes/ae_almohanad_bold.pfb></usr/local/Cellar/texlive/20250308_1/share/texmf-dist/fonts/type1/public/cm-super/sfbx1440.pfb></usr/local/Cellar/texlive/20250308_1/share/texmf-dist/fonts/type1/public/cm-super/sfbx1728.pfb></usr/local/Cellar/texlive/20250308_1/share/texmf-dist/fonts/type1/public/cm-super/sfrm1200.pfb>
Output written on Terms&Conditions.pdf (14 pages, 151695 bytes).
PDF statistics:
 280 PDF objects out of 1000 (max. 8388607)
 251 compressed objects within 3 object streams
 165 named destinations out of 1000 (max. 500000)
 1 words of extra memory for PDF output out of 10000 (max. 10000000)

